# JRE version: OpenJDK Runtime Environment (11.0.12+7) (build 11.0.12+7-b1504.28-7817840)
# Java VM: OpenJDK 64-Bit Server VM (11.0.12+7-b1504.28-7817840, mixed mode, tiered, compressed oops, g1 gc, windows-amd64)
Heap:
 garbage-first heap   total 262144K, used 53762K [0x0000000080000000, 0x0000000100000000)
  region size 1024K, 40 young (40960K), 7 survivors (7168K)
 Metaspace       used 37647K, capacity 38533K, committed 38784K, reserved 1083392K
  class space    used 4858K, capacity 5197K, committed 5248K, reserved 1048576K
GC Heap History (14 events):
Event: 1.425 GC heap before
{Heap before GC invocations=0 (full 0):
 garbage-first heap   total 262144K, used 17408K [0x0000000080000000, 0x0000000100000000)
  region size 1024K, 14 young (14336K), 0 survivors (0K)
 Metaspace       used 6792K, capacity 6989K, committed 7168K, reserved 1056768K
  class space    used 584K, capacity 650K, committed 768K, reserved 1048576K
}
Event: 1.438 GC heap after
{Heap after GC invocations=1 (full 0):
 garbage-first heap   total 262144K, used 4223K [0x0000000080000000, 0x0000000100000000)
  region size 1024K, 2 young (2048K), 2 survivors (2048K)
 Metaspace       used 6792K, capacity 6989K, committed 7168K, reserved 1056768K
  class space    used 584K, capacity 650K, committed 768K, reserved 1048576K
}
Event: 1.991 GC heap before
{Heap before GC invocations=1 (full 0):
 garbage-first heap   total 262144K, used 19583K [0x0000000080000000, 0x0000000100000000)
  region size 1024K, 14 young (14336K), 2 survivors (2048K)
 Metaspace       used 9912K, capacity 10118K, committed 10368K, reserved 1058816K
  class space    used 1029K, capacity 1102K, committed 1152K, reserved 1048576K
}
Event: 1.995 GC heap after
{Heap after GC invocations=2 (full 0):
 garbage-first heap   total 262144K, used 9381K [0x0000000080000000, 0x0000000100000000)
  region size 1024K, 2 young (2048K), 2 survivors (2048K)
 Metaspace       used 9912K, capacity 10118K, committed 10368K, reserved 1058816K
  class space    used 1029K, capacity 1102K, committed 1152K, reserved 1048576K
}
Event: 2.892 GC heap before
{Heap before GC invocations=2 (full 0):
 garbage-first heap   total 262144K, used 40101K [0x0000000080000000, 0x0000000100000000)
  region size 1024K, 31 young (31744K), 2 survivors (2048K)
 Metaspace       used 10893K, capacity 11073K, committed 11264K, reserved 1058816K
  class space    used 1132K, capacity 1207K, committed 1280K, reserved 1048576K
}
Event: 2.897 GC heap after
{Heap after GC invocations=3 (full 0):
 garbage-first heap   total 262144K, used 11928K [0x0000000080000000, 0x0000000100000000)
  region size 1024K, 4 young (4096K), 4 survivors (4096K)
 Metaspace       used 10893K, capacity 11073K, committed 11264K, reserved 1058816K
  class space    used 1132K, capacity 1207K, committed 1280K, reserved 1048576K
}
Event: 7.762 GC heap before
{Heap before GC invocations=3 (full 0):
 garbage-first heap   total 262144K, used 54936K [0x0000000080000000, 0x0000000100000000)
  region size 1024K, 47 young (48128K), 4 survivors (4096K)
 Metaspace       used 17674K, capacity 18035K, committed 18176K, reserved 1064960K
  class space    used 2086K, capacity 2209K, committed 2304K, reserved 1048576K
}
Event: 7.774 GC heap after
{Heap after GC invocations=4 (full 0):
 garbage-first heap   total 262144K, used 15867K [0x0000000080000000, 0x0000000100000000)
  region size 1024K, 6 young (6144K), 6 survivors (6144K)
 Metaspace       used 17674K, capacity 18035K, committed 18176K, reserved 1064960K
  class space    used 2086K, capacity 2209K, committed 2304K, reserved 1048576K
}
Event: 8.326 GC heap before
{Heap before GC invocations=4 (full 0):
 garbage-first heap   total 262144K, used 43515K [0x0000000080000000, 0x0000000100000000)
  region size 1024K, 34 young (34816K), 6 survivors (6144K)
 Metaspace       used 20695K, capacity 21135K, committed 21248K, reserved 1067008K
  class space    used 2540K, capacity 2710K, committed 2816K, reserved 1048576K
}
Event: 8.336 GC heap after
{Heap after GC invocations=5 (full 0):
 garbage-first heap   total 262144K, used 16891K [0x0000000080000000, 0x0000000100000000)
  region size 1024K, 7 young (7168K), 7 survivors (7168K)
 Metaspace       used 20695K, capacity 21135K, committed 21248K, reserved 1067008K
  class space    used 2540K, capacity 2710K, committed 2816K, reserved 1048576K
}
Event: 9.981 GC heap before
{Heap before GC invocations=6 (full 0):
 garbage-first heap   total 262144K, used 76283K [0x0000000080000000, 0x0000000100000000)
  region size 1024K, 65 young (66560K), 7 survivors (7168K)
 Metaspace       used 26942K, capacity 27496K, committed 27648K, reserved 1073152K
  class space    used 3515K, capacity 3734K, committed 3840K, reserved 1048576K
}
Event: 9.996 GC heap after
{Heap after GC invocations=7 (full 0):
 garbage-first heap   total 262144K, used 19245K [0x0000000080000000, 0x0000000100000000)
  region size 1024K, 4 young (4096K), 4 survivors (4096K)
 Metaspace       used 26942K, capacity 27496K, committed 27648K, reserved 1073152K
  class space    used 3515K, capacity 3734K, committed 3840K, reserved 1048576K
}
Event: 12.809 GC heap before
{Heap before GC invocations=7 (full 0):
 garbage-first heap   total 262144K, used 71469K [0x0000000080000000, 0x0000000100000000)
  region size 1024K, 56 young (57344K), 4 survivors (4096K)
 Metaspace       used 34943K, capacity 35787K, committed 35840K, reserved 1081344K
  class space    used 4531K, capacity 4839K, committed 4864K, reserved 1048576K
}
Event: 12.830 GC heap after
{Heap after GC invocations=8 (full 0):
 garbage-first heap   total 262144K, used 22018K [0x0000000080000000, 0x0000000100000000)
  region size 1024K, 7 young (7168K), 7 survivors (7168K)
 Metaspace       used 34943K, capacity 35787K, committed 35840K, reserved 1081344K
  class space    used 4531K, capacity 4839K, committed 4864K, reserved 1048576K
}

